f:\visual studio projects\athenic quest\x64\debug\athenicquest.15puzzle.resources
f:\visual studio projects\athenic quest\x64\debug\athenicquest.all_out.resources
f:\visual studio projects\athenic quest\x64\debug\athenicquest.entry.resources
f:\visual studio projects\athenic quest\x64\debug\athenicquest.guess_the_function.resources
f:\visual studio projects\athenic quest\x64\debug\athenicquest.level1.resources
f:\visual studio projects\athenic quest\x64\debug\athenicquest.level2.resources
f:\visual studio projects\athenic quest\x64\debug\athenicquest.level3.resources
f:\visual studio projects\athenic quest\x64\debug\athenicquest.level4.resources
f:\visual studio projects\athenic quest\x64\debug\athenicquest.level5.resources
f:\visual studio projects\athenic quest\x64\debug\athenicquest.playfour.resources
f:\visual studio projects\athenic quest\x64\debug\athenicquest.shortestpathentry.resources
f:\visual studio projects\athenic quest\x64\debug\athenicquest.tic_tac_toe.resources
f:\visual studio projects\athenic quest\x64\debug\vc142.pdb
f:\visual studio projects\athenic quest\x64\debug\.netframework,version=v4.7.2.assemblyattributes.obj
f:\visual studio projects\athenic quest\x64\debug\shortestpathentry.obj
f:\visual studio projects\athenic quest\x64\debug\lightsout.obj
f:\visual studio projects\athenic quest\x64\debug\level5.obj
f:\visual studio projects\athenic quest\x64\debug\level4.obj
f:\visual studio projects\athenic quest\x64\debug\level3.obj
f:\visual studio projects\athenic quest\x64\debug\level2.obj
f:\visual studio projects\athenic quest\x64\debug\level1.obj
f:\visual studio projects\athenic quest\x64\debug\fourinaline.obj
f:\visual studio projects\athenic quest\x64\debug\entry.obj
f:\visual studio projects\athenic quest\x64\debug\15puzzle.obj
f:\visual studio projects\athenic quest\x64\debug\athenic quest.exe
f:\visual studio projects\athenic quest\x64\debug\athenic quest.pdb
f:\visual studio projects\athenic quest\x64\debug\athenic quest.vcxproj.assemblyreference.cache
f:\visual studio projects\athenic quest\x64\debug\athenic quest.exe.metagen
f:\visual studio projects\athenic quest\x64\debug\athenic quest.tlog\athenic quest.write.1u.tlog
f:\visual studio projects\athenic quest\x64\debug\athenic quest.tlog\cl.command.1.tlog
f:\visual studio projects\athenic quest\x64\debug\athenic quest.tlog\cl.read.1.tlog
f:\visual studio projects\athenic quest\x64\debug\athenic quest.tlog\cl.write.1.tlog
f:\visual studio projects\athenic quest\x64\debug\athenic quest.tlog\link.command.1.tlog
f:\visual studio projects\athenic quest\x64\debug\athenic quest.tlog\link.read.1.tlog
f:\visual studio projects\athenic quest\x64\debug\athenic quest.tlog\link.write.1.tlog
f:\visual studio projects\athenic quest\x64\debug\athenic quest.tlog\metagen.read.1.tlog
f:\visual studio projects\athenic quest\x64\debug\athenic quest.tlog\metagen.write.1.tlog
